<?xml version="1.0" encoding="UTF-8"?>
<!-- Generated by org.testng.reporters.JUnitXMLReporter -->
<testsuite ignored="3" hostname="DESKTOP-GI7N7LG" failures="0" tests="1" name="parameter" time="7.861" errors="0" timestamp="2025-02-05T14:07:56 IST">
  <testcase classname="testScript.LoginTest" name="verifyLoginWithValidUsernameInvalidPassword" time="1.339"/>
  <testcase classname="testScript.LoginTest" name="verifyLoginWithValidCredentials" time="0.0">
    <ignored/>
  </testcase> <!-- verifyLoginWithValidCredentials -->
  <testcase classname="testScript.LoginTest" name="verifyLoginWithInvalidUsenameInValidPassword" time="0.0">
    <ignored/>
  </testcase> <!-- verifyLoginWithInvalidUsenameInValidPassword -->
  <testcase classname="testScript.LoginTest" name="verifyLoginWithInvalidUsenameValidPassword" time="0.0">
    <ignored/>
  </testcase> <!-- verifyLoginWithInvalidUsenameValidPassword -->
</testsuite> <!-- parameter -->
