<?xml version="1.0" encoding="UTF-8"?>
<!-- Generated by org.testng.reporters.JUnitXMLReporter -->
<testsuite ignored="0" hostname="DESKTOP-GI7N7LG" failures="0" tests="3" name="Test" time="28.31" errors="0" timestamp="2025-02-11T14:43:16 IST">
  <testcase classname="testScript.AdminUsersTest" name="verifyCreationOfNewAdminUsers" time="13.908">
    <skipped/>
  </testcase> <!-- verifyCreationOfNewAdminUsers -->
  <testcase classname="testScript.AdminUsersTest" name="verifyCreationOfNewAdminUsers" time="2.417"/>
  <testcase classname="testScript.AdminUsersTest" name="verifyAdminUserSearch" time="1.675"/>
</testsuite> <!-- Test -->
