<?xml version="1.0" encoding="UTF-8"?>
<!-- Generated by org.testng.reporters.JUnitXMLReporter -->
<testsuite ignored="0" hostname="DESKTOP-GI7N7LG" failures="0" tests="12" name="Test" time="43.218" errors="0" timestamp="2025-02-20T15:21:04 IST">
  <testcase classname="testScript.LoginTest" name="verifyLoginWithValidCredentials" time="0.877"/>
  <testcase classname="testScript.LoginTest" name="verifyLoginWithValidUsernameInvalidPassword" time="0.43"/>
  <testcase classname="testScript.LoginTest" name="verifyLoginWithInvalidUsenameValidPassword" time="1.415"/>
  <testcase classname="testScript.LoginTest" name="verifyLoginWithInvalidUsenameInValidPassword" time="0.501"/>
  <testcase classname="testScript.HomeTest" name="verifyLogOut" time="1.041"/>
  <testcase classname="testScript.AdminUsersTest" name="verifyCreationOfNewAdminUsers" time="2.747"/>
  <testcase classname="testScript.AdminUsersTest" name="verifyAdminUserSearch" time="1.755"/>
  <testcase classname="testScript.CategoryTest" name="verifyCreationOfNewCategoryInCategoryPage" time="2.02"/>
  <testcase classname="testScript.CategoryTest" name="verifyDeleteOfCategory" time="1.275"/>
  <testcase classname="testScript.ManageNewsTest" name="verifyNewNewsCreation" time="1.549"/>
  <testcase classname="testScript.ManageNewsTest" name="verifyCreatedNewsSearch" time="1.375"/>
  <testcase classname="testScript.SubCategoryTest" name="verifyCreationOfNewSubCategory__FileUploadUsingSendKeys" time="2.195"/>
</testsuite> <!-- Test -->
