<?xml version="1.0" encoding="UTF-8"?>
<testng-results ignored="0" total="4" passed="3" failed="1" skipped="0">
  <reporter-output>
  </reporter-output>
  <suite started-at="2025-02-05T14:56:54 IST" name="Suite" finished-at="2025-02-05T14:57:48 IST" duration-ms="53931">
    <groups>
    </groups>
    <test started-at="2025-02-05T14:56:54 IST" name="chrometest" finished-at="2025-02-05T14:57:15 IST" duration-ms="21591">
      <class name="testScript.AdminUsersTest">
        <test-method is-config="true" signature="setUp(java.lang.String)[pri:0, instance:testScript.AdminUsersTest@f68f0dc]" started-at="2025-02-05T14:56:54 IST" name="setUp" finished-at="2025-02-05T14:56:59 IST" duration-ms="5449" status="PASS">
          <params>
            <param index="0">
              <value>
                <![CDATA[chrome]]>
              </value>
            </param>
          </params>
          <reporter-output>
          </reporter-output>
        </test-method> <!-- setUp -->
        <test-method signature="verifyCreationOfNewAdminUsers()[pri:1, instance:testScript.AdminUsersTest@f68f0dc]" started-at="2025-02-05T14:56:59 IST" name="verifyCreationOfNewAdminUsers" finished-at="2025-02-05T14:57:07 IST" duration-ms="7641" status="PASS">
          <reporter-output>
          </reporter-output>
        </test-method> <!-- verifyCreationOfNewAdminUsers -->
        <test-method is-config="true" signature="tearDown(org.testng.ITestResult)[pri:0, instance:testScript.AdminUsersTest@f68f0dc]" started-at="2025-02-05T14:57:07 IST" name="tearDown" finished-at="2025-02-05T14:57:07 IST" duration-ms="369" status="PASS">
          <params>
            <param index="0">
              <value>
                <![CDATA[[TestResult name=verifyCreationOfNewAdminUsers status=SUCCESS method=AdminUsersTest.verifyCreationOfNewAdminUsers()[pri:1, instance:testScript.AdminUsersTest@f68f0dc] output={null}]]]>
              </value>
            </param>
          </params>
          <reporter-output>
          </reporter-output>
        </test-method> <!-- tearDown -->
        <test-method is-config="true" signature="setUp(java.lang.String)[pri:0, instance:testScript.AdminUsersTest@f68f0dc]" started-at="2025-02-05T14:57:07 IST" name="setUp" finished-at="2025-02-05T14:57:11 IST" duration-ms="3636" status="PASS">
          <params>
            <param index="0">
              <value>
                <![CDATA[chrome]]>
              </value>
            </param>
          </params>
          <reporter-output>
          </reporter-output>
        </test-method> <!-- setUp -->
        <test-method signature="verifyAdminUserSearch()[pri:2, instance:testScript.AdminUsersTest@f68f0dc]" started-at="2025-02-05T14:57:11 IST" name="verifyAdminUserSearch" finished-at="2025-02-05T14:57:15 IST" duration-ms="3984" status="PASS">
          <reporter-output>
          </reporter-output>
        </test-method> <!-- verifyAdminUserSearch -->
        <test-method is-config="true" signature="tearDown(org.testng.ITestResult)[pri:0, instance:testScript.AdminUsersTest@f68f0dc]" started-at="2025-02-05T14:57:15 IST" name="tearDown" finished-at="2025-02-05T14:57:15 IST" duration-ms="401" status="PASS">
          <params>
            <param index="0">
              <value>
                <![CDATA[[TestResult name=verifyAdminUserSearch status=SUCCESS method=AdminUsersTest.verifyAdminUserSearch()[pri:2, instance:testScript.AdminUsersTest@f68f0dc] output={null}]]]>
              </value>
            </param>
          </params>
          <reporter-output>
          </reporter-output>
        </test-method> <!-- tearDown -->
      </class> <!-- testScript.AdminUsersTest -->
    </test> <!-- chrometest -->
    <test started-at="2025-02-05T14:57:16 IST" name="edgetest" finished-at="2025-02-05T14:57:48 IST" duration-ms="31368">
      <class name="testScript.AdminUsersTest">
        <test-method is-config="true" signature="setUp(java.lang.String)[pri:0, instance:testScript.AdminUsersTest@35b74c5c]" started-at="2025-02-05T14:57:16 IST" name="setUp" finished-at="2025-02-05T14:57:20 IST" duration-ms="4172" status="PASS">
          <params>
            <param index="0">
              <value>
                <![CDATA[edge]]>
              </value>
            </param>
          </params>
          <reporter-output>
          </reporter-output>
        </test-method> <!-- setUp -->
        <test-method signature="verifyCreationOfNewAdminUsers()[pri:1, instance:testScript.AdminUsersTest@35b74c5c]" started-at="2025-02-05T14:57:20 IST" name="verifyCreationOfNewAdminUsers" finished-at="2025-02-05T14:57:35 IST" duration-ms="14554" status="FAIL">
          <exception class="org.openqa.selenium.NoSuchElementException">
            <message>
              <![CDATA[no such element: Unable to locate element: {"method":"xpath","selector":"//div[@class='alert alert-success alert-dismissible']"}
  (Session info: MicrosoftEdge=132.0.2957.140)
For documentation on this error, please visit: https://www.selenium.dev/documentation/webdriver/troubleshooting/errors#no-such-element-exception
Build info: version: '4.27.0', revision: 'd6e718d134'
System info: os.name: 'Windows 10', os.arch: 'amd64', os.version: '10.0', java.version: '21.0.5'
Driver info: org.openqa.selenium.edge.EdgeDriver
Command: [9747cdc7fa688e2dd173528b3e56ac76, findElement {value=//div[@class='alert alert-success alert-dismissible'], using=xpath}]
Capabilities {acceptInsecureCerts: false, browserName: MicrosoftEdge, browserVersion: 132.0.2957.140, fedcm:accounts: true, ms:edgeOptions: {debuggerAddress: localhost:52425}, msedge: {msedgedriverVersion: 132.0.2957.140 (a81e27b375d..., userDataDir: C:\Users\sreen\AppData\Loca...}, networkConnectionEnabled: false, pageLoadStrategy: normal, platformName: windows, proxy: Proxy(), se:cdp: ws://localhost:52425/devtoo..., se:cdpVersion: 132.0.2957.140, setWindowRect: true, strictFileInteractability: false, timeouts: {implicit: 0, pageLoad: 300000, script: 30000}, unhandledPromptBehavior: dismiss and notify, webauthn:extension:credBlob: true, webauthn:extension:largeBlob: true, webauthn:extension:minPinLength: true, webauthn:extension:prf: true, webauthn:virtualAuthenticators: true}
Session ID: 9747cdc7fa688e2dd173528b3e56ac76]]>
            </message>
            <full-stacktrace>
              <![CDATA[org.openqa.selenium.NoSuchElementException: no such element: Unable to locate element: {"method":"xpath","selector":"//div[@class='alert alert-success alert-dismissible']"}
  (Session info: MicrosoftEdge=132.0.2957.140)
For documentation on this error, please visit: https://www.selenium.dev/documentation/webdriver/troubleshooting/errors#no-such-element-exception
Build info: version: '4.27.0', revision: 'd6e718d134'
System info: os.name: 'Windows 10', os.arch: 'amd64', os.version: '10.0', java.version: '21.0.5'
Driver info: org.openqa.selenium.edge.EdgeDriver
Command: [9747cdc7fa688e2dd173528b3e56ac76, findElement {value=//div[@class='alert alert-success alert-dismissible'], using=xpath}]
Capabilities {acceptInsecureCerts: false, browserName: MicrosoftEdge, browserVersion: 132.0.2957.140, fedcm:accounts: true, ms:edgeOptions: {debuggerAddress: localhost:52425}, msedge: {msedgedriverVersion: 132.0.2957.140 (a81e27b375d..., userDataDir: C:\Users\sreen\AppData\Loca...}, networkConnectionEnabled: false, pageLoadStrategy: normal, platformName: windows, proxy: Proxy(), se:cdp: ws://localhost:52425/devtoo..., se:cdpVersion: 132.0.2957.140, setWindowRect: true, strictFileInteractability: false, timeouts: {implicit: 0, pageLoad: 300000, script: 30000}, unhandledPromptBehavior: dismiss and notify, webauthn:extension:credBlob: true, webauthn:extension:largeBlob: true, webauthn:extension:minPinLength: true, webauthn:extension:prf: true, webauthn:virtualAuthenticators: true}
Session ID: 9747cdc7fa688e2dd173528b3e56ac76
at java.base/jdk.internal.reflect.DirectConstructorHandleAccessor.newInstance(DirectConstructorHandleAccessor.java:62)
at java.base/java.lang.reflect.Constructor.newInstanceWithCaller(Constructor.java:502)
at java.base/java.lang.reflect.Constructor.newInstance(Constructor.java:486)
at org.openqa.selenium.remote.ErrorCodec.decode(ErrorCodec.java:167)
at org.openqa.selenium.remote.codec.w3c.W3CHttpResponseCodec.decode(W3CHttpResponseCodec.java:138)
at org.openqa.selenium.remote.codec.w3c.W3CHttpResponseCodec.decode(W3CHttpResponseCodec.java:50)
at org.openqa.selenium.remote.HttpCommandExecutor.execute(HttpCommandExecutor.java:190)
at org.openqa.selenium.remote.service.DriverCommandExecutor.invokeExecute(DriverCommandExecutor.java:216)
at org.openqa.selenium.remote.service.DriverCommandExecutor.execute(DriverCommandExecutor.java:174)
at org.openqa.selenium.remote.RemoteWebDriver.execute(RemoteWebDriver.java:545)
at org.openqa.selenium.remote.ElementLocation$ElementFinder$2.findElement(ElementLocation.java:165)
at org.openqa.selenium.remote.ElementLocation.findElement(ElementLocation.java:59)
at org.openqa.selenium.remote.RemoteWebDriver.findElement(RemoteWebDriver.java:368)
at org.openqa.selenium.remote.RemoteWebDriver.findElement(RemoteWebDriver.java:362)
at org.openqa.selenium.support.pagefactory.DefaultElementLocator.findElement(DefaultElementLocator.java:68)
at org.openqa.selenium.support.pagefactory.internal.LocatingElementHandler.invoke(LocatingElementHandler.java:38)
at jdk.proxy2/jdk.proxy2.$Proxy15.isDisplayed(Unknown Source)
at pages.AdminUsersPage.isAlertSucessDisplayed(AdminUsersPage.java:67)
at testScript.AdminUsersTest.verifyCreationOfNewAdminUsers(AdminUsersTest.java:46)
at java.base/jdk.internal.reflect.DirectMethodHandleAccessor.invoke(DirectMethodHandleAccessor.java:103)
at java.base/java.lang.reflect.Method.invoke(Method.java:580)
at org.testng.internal.invokers.MethodInvocationHelper.invokeMethod(MethodInvocationHelper.java:141)
at org.testng.internal.invokers.TestInvoker.invokeMethod(TestInvoker.java:686)
at org.testng.internal.invokers.TestInvoker.invokeTestMethod(TestInvoker.java:230)
at org.testng.internal.invokers.MethodRunner.runInSequence(MethodRunner.java:63)
at org.testng.internal.invokers.TestInvoker$MethodInvocationAgent.invoke(TestInvoker.java:992)
at org.testng.internal.invokers.TestInvoker.invokeTestMethods(TestInvoker.java:203)
at org.testng.internal.invokers.TestMethodWorker.invokeTestMethods(TestMethodWorker.java:154)
at org.testng.internal.invokers.TestMethodWorker.run(TestMethodWorker.java:134)
at java.base/java.util.ArrayList.forEach(ArrayList.java:1596)
at org.testng.TestRunner.privateRun(TestRunner.java:739)
at org.testng.TestRunner.run(TestRunner.java:614)
at org.testng.SuiteRunner.runTest(SuiteRunner.java:421)
at org.testng.SuiteRunner.runSequentially(SuiteRunner.java:413)
at org.testng.SuiteRunner.privateRun(SuiteRunner.java:373)
at org.testng.SuiteRunner.run(SuiteRunner.java:312)
at org.testng.SuiteRunnerWorker.runSuite(SuiteRunnerWorker.java:52)
at org.testng.SuiteRunnerWorker.run(SuiteRunnerWorker.java:95)
at org.testng.TestNG.runSuitesSequentially(TestNG.java:1274)
at org.testng.TestNG.runSuitesLocally(TestNG.java:1208)
at org.testng.TestNG.runSuites(TestNG.java:1112)
at org.testng.TestNG.run(TestNG.java:1079)
at org.testng.remote.AbstractRemoteTestNG.run(AbstractRemoteTestNG.java:115)
at org.testng.remote.RemoteTestNG.initAndRun(RemoteTestNG.java:293)
at org.testng.remote.RemoteTestNG.main(RemoteTestNG.java:91)
]]>
            </full-stacktrace>
          </exception> <!-- org.openqa.selenium.NoSuchElementException -->
          <reporter-output>
          </reporter-output>
        </test-method> <!-- verifyCreationOfNewAdminUsers -->
        <test-method is-config="true" signature="tearDown(org.testng.ITestResult)[pri:0, instance:testScript.AdminUsersTest@35b74c5c]" started-at="2025-02-05T14:57:35 IST" name="tearDown" finished-at="2025-02-05T14:57:37 IST" duration-ms="1825" status="PASS">
          <params>
            <param index="0">
              <value>
                <![CDATA[[TestResult name=verifyCreationOfNewAdminUsers status=FAILURE method=AdminUsersTest.verifyCreationOfNewAdminUsers()[pri:1, instance:testScript.AdminUsersTest@35b74c5c] output={null}]]]>
              </value>
            </param>
          </params>
          <reporter-output>
          </reporter-output>
        </test-method> <!-- tearDown -->
        <test-method is-config="true" signature="setUp(java.lang.String)[pri:0, instance:testScript.AdminUsersTest@35b74c5c]" started-at="2025-02-05T14:57:37 IST" name="setUp" finished-at="2025-02-05T14:57:41 IST" duration-ms="4521" status="PASS">
          <params>
            <param index="0">
              <value>
                <![CDATA[edge]]>
              </value>
            </param>
          </params>
          <reporter-output>
          </reporter-output>
        </test-method> <!-- setUp -->
        <test-method signature="verifyAdminUserSearch()[pri:2, instance:testScript.AdminUsersTest@35b74c5c]" started-at="2025-02-05T14:57:41 IST" name="verifyAdminUserSearch" finished-at="2025-02-05T14:57:46 IST" duration-ms="4710" status="PASS">
          <reporter-output>
          </reporter-output>
        </test-method> <!-- verifyAdminUserSearch -->
        <test-method is-config="true" signature="tearDown(org.testng.ITestResult)[pri:0, instance:testScript.AdminUsersTest@35b74c5c]" started-at="2025-02-05T14:57:46 IST" name="tearDown" finished-at="2025-02-05T14:57:48 IST" duration-ms="1553" status="PASS">
          <params>
            <param index="0">
              <value>
                <![CDATA[[TestResult name=verifyAdminUserSearch status=SUCCESS method=AdminUsersTest.verifyAdminUserSearch()[pri:2, instance:testScript.AdminUsersTest@35b74c5c] output={null}]]]>
              </value>
            </param>
          </params>
          <reporter-output>
          </reporter-output>
        </test-method> <!-- tearDown -->
      </class> <!-- testScript.AdminUsersTest -->
    </test> <!-- edgetest -->
  </suite> <!-- Suite -->
</testng-results>
